Determining if the pthread_create exist failed with the following output:
Change Dir: /home/isaac/Isaac/ROS/catkin_ws/build/CMakeFiles/CMakeTmp

Run Build Command:"/usr/bin/make" "cmTC_705e1/fast"
/usr/bin/make -f CMakeFiles/cmTC_705e1.dir/build.make CMakeFiles/cmTC_705e1.dir/build
make[1]: Entering directory '/home/isaac/Isaac/ROS/catkin_ws/build/CMakeFiles/CMakeTmp'
Building C object CMakeFiles/cmTC_705e1.dir/CheckSymbolExists.c.o
/usr/bin/cc    -o CMakeFiles/cmTC_705e1.dir/CheckSymbolExists.c.o   -c /home/isaac/Isaac/ROS/catkin_ws/build/CMakeFiles/CMakeTmp/CheckSymbolExists.c
Linking C executable cmTC_705e1
/usr/bin/cmake -E cmake_link_script CMakeFiles/cmTC_705e1.dir/link.txt --verbose=1
/usr/bin/cc      -rdynamic CMakeFiles/cmTC_705e1.dir/CheckSymbolExists.c.o  -o cmTC_705e1 
CMakeFiles/cmTC_705e1.dir/CheckSymbolExists.c.o: In function `main':
CheckSymbolExists.c:(.text+0x1b): undefined reference to `pthread_create'
collect2: error: ld returned 1 exit status
CMakeFiles/cmTC_705e1.dir/build.make:97: recipe for target 'cmTC_705e1' failed
make[1]: *** [cmTC_705e1] Error 1
make[1]: Leaving directory '/home/isaac/Isaac/ROS/catkin_ws/build/CMakeFiles/CMakeTmp'
Makefile:126: recipe for target 'cmTC_705e1/fast' failed
make: *** [cmTC_705e1/fast] Error 2

File /home/isaac/Isaac/ROS/catkin_ws/build/CMakeFiles/CMakeTmp/CheckSymbolExists.c:
/* */
#include <pthread.h>

int main(int argc, char** argv)
{
  (void)argv;
#ifndef pthread_create
  return ((int*)(&pthread_create))[argc];
#else
  (void)argc;
  return 0;
#endif
}

Determining if the function pthread_create exists in the pthreads failed with the following output:
Change Dir: /home/isaac/Isaac/ROS/catkin_ws/build/CMakeFiles/CMakeTmp

Run Build Command:"/usr/bin/make" "cmTC_0b788/fast"
/usr/bin/make -f CMakeFiles/cmTC_0b788.dir/build.make CMakeFiles/cmTC_0b788.dir/build
make[1]: Entering directory '/home/isaac/Isaac/ROS/catkin_ws/build/CMakeFiles/CMakeTmp'
Building C object CMakeFiles/cmTC_0b788.dir/CheckFunctionExists.c.o
/usr/bin/cc   -DCHECK_FUNCTION_EXISTS=pthread_create   -o CMakeFiles/cmTC_0b788.dir/CheckFunctionExists.c.o   -c /usr/share/cmake-3.10/Modules/CheckFunctionExists.c
Linking C executable cmTC_0b788
/usr/bin/cmake -E cmake_link_script CMakeFiles/cmTC_0b788.dir/link.txt --verbose=1
/usr/bin/cc  -DCHECK_FUNCTION_EXISTS=pthread_create    -rdynamic CMakeFiles/cmTC_0b788.dir/CheckFunctionExists.c.o  -o cmTC_0b788 -lpthreads 
/usr/bin/ld: cannot find -lpthreads
collect2: error: ld returned 1 exit status
CMakeFiles/cmTC_0b788.dir/build.make:97: recipe for target 'cmTC_0b788' failed
make[1]: *** [cmTC_0b788] Error 1
make[1]: Leaving directory '/home/isaac/Isaac/ROS/catkin_ws/build/CMakeFiles/CMakeTmp'
Makefile:126: recipe for target 'cmTC_0b788/fast' failed
make: *** [cmTC_0b788/fast] Error 2


